# JRE version: Java(TM) SE Runtime Environment (8.0_111-b14) (build 1.8.0_111-b14)
# Java VM: Java HotSpot(TM) 64-Bit Server VM (25.111-b14 mixed mode bsd-amd64 compressed oops)
Heap:
 PSYoungGen      total 18944K, used 14336K [0x00000007aab00000, 0x00000007ad000000, 0x00000007c0000000)
  eden space 16384K, 87% used [0x00000007aab00000,0x00000007ab900338,0x00000007abb00000)
  from space 2560K, 0% used [0x00000007abb00000,0x00000007abb00000,0x00000007abd80000)
  to   space 2560K, 0% used [0x00000007acd80000,0x00000007acd80000,0x00000007ad000000)
 ParOldGen       total 37376K, used 11020K [0x0000000780000000, 0x0000000782480000, 0x00000007aab00000)
  object space 37376K, 29% used [0x0000000780000000,0x0000000780ac33b8,0x0000000782480000)
 Metaspace       used 22286K, capacity 22574K, committed 22912K, reserved 1069056K
  class space    used 2794K, capacity 2895K, committed 2944K, reserved 1048576K
GC Heap History (8 events):
Event: 21.546 GC heap before
{Heap before GC invocations=1 (full 0):
 PSYoungGen      total 18944K, used 16384K [0x00000007aab00000, 0x00000007ac000000, 0x00000007c0000000)
  eden space 16384K, 100% used [0x00000007aab00000,0x00000007abb00000,0x00000007abb00000)
  from space 2560K, 0% used [0x00000007abd80000,0x00000007abd80000,0x00000007ac000000)
  to   space 2560K, 0% used [0x00000007abb00000,0x00000007abb00000,0x00000007abd80000)
 ParOldGen       total 44032K, used 0K [0x0000000780000000, 0x0000000782b00000, 0x00000007aab00000)
  object space 44032K, 0% used [0x0000000780000000,0x0000000780000000,0x0000000782b00000)
 Metaspace       used 15037K, capacity 15306K, committed 15744K, reserved 1062912K
  class space    used 2017K, capacity 2081K, committed 2176K, reserved 1048576K
Event: 21.555 GC heap after
Heap after GC invocations=1 (full 0):
 PSYoungGen      total 18944K, used 2554K [0x00000007aab00000, 0x00000007ac000000, 0x00000007c0000000)
  eden space 16384K, 0% used [0x00000007aab00000,0x00000007aab00000,0x00000007abb00000)
  from space 2560K, 99% used [0x00000007abb00000,0x00000007abd7eba8,0x00000007abd80000)
  to   space 2560K, 0% used [0x00000007abd80000,0x00000007abd80000,0x00000007ac000000)
 ParOldGen       total 44032K, used 5966K [0x0000000780000000, 0x0000000782b00000, 0x00000007aab00000)
  object space 44032K, 13% used [0x0000000780000000,0x00000007805d3988,0x0000000782b00000)
 Metaspace       used 15037K, capacity 15306K, committed 15744K, reserved 1062912K
  class space    used 2017K, capacity 2081K, committed 2176K, reserved 1048576K
}
Event: 23.494 GC heap before
{Heap before GC invocations=2 (full 0):
 PSYoungGen      total 18944K, used 18938K [0x00000007aab00000, 0x00000007ac000000, 0x00000007c0000000)
  eden space 16384K, 100% used [0x00000007aab00000,0x00000007abb00000,0x00000007abb00000)
  from space 2560K, 99% used [0x00000007abb00000,0x00000007abd7eba8,0x00000007abd80000)
  to   space 2560K, 0% used [0x00000007abd80000,0x00000007abd80000,0x00000007ac000000)
 ParOldGen       total 44032K, used 5966K [0x0000000780000000, 0x0000000782b00000, 0x00000007aab00000)
  object space 44032K, 13% used [0x0000000780000000,0x00000007805d3988,0x0000000782b00000)
 Metaspace       used 19836K, capacity 20106K, committed 20352K, reserved 1067008K
  class space    used 2558K, capacity 2657K, committed 2688K, reserved 1048576K
Event: 23.503 GC heap after
Heap after GC invocations=2 (full 0):
 PSYoungGen      total 18944K, used 2548K [0x00000007aab00000, 0x00000007ac000000, 0x00000007c0000000)
  eden space 16384K, 0% used [0x00000007aab00000,0x00000007aab00000,0x00000007abb00000)
  from space 2560K, 99% used [0x00000007abd80000,0x00000007abffd078,0x00000007ac000000)
  to   space 2560K, 0% used [0x00000007abb00000,0x00000007abb00000,0x00000007abd80000)
 ParOldGen       total 44032K, used 10128K [0x0000000780000000, 0x0000000782b00000, 0x00000007aab00000)
  object space 44032K, 23% used [0x0000000780000000,0x00000007809e40b0,0x0000000782b00000)
 Metaspace       used 19836K, capacity 20106K, committed 20352K, reserved 1067008K
  class space    used 2558K, capacity 2657K, committed 2688K, reserved 1048576K
}
Event: 23.611 GC heap before
{Heap before GC invocations=3 (full 0):
 PSYoungGen      total 18944K, used 7234K [0x00000007aab00000, 0x00000007ac000000, 0x00000007c0000000)
  eden space 16384K, 28% used [0x00000007aab00000,0x00000007aaf938a8,0x00000007abb00000)
  from space 2560K, 99% used [0x00000007abd80000,0x00000007abffd078,0x00000007ac000000)
  to   space 2560K, 0% used [0x00000007abb00000,0x00000007abb00000,0x00000007abd80000)
 ParOldGen       total 44032K, used 10128K [0x0000000780000000, 0x0000000782b00000, 0x00000007aab00000)
  object space 44032K, 23% used [0x0000000780000000,0x00000007809e40b0,0x0000000782b00000)
 Metaspace       used 20824K, capacity 21072K, committed 21248K, reserved 1067008K
  class space    used 2684K, capacity 2786K, committed 2816K, reserved 1048576K
Event: 23.616 GC heap after
Heap after GC invocations=3 (full 0):
 PSYoungGen      total 18944K, used 2554K [0x00000007aab00000, 0x00000007ad000000, 0x00000007c0000000)
  eden space 16384K, 0% used [0x00000007aab00000,0x00000007aab00000,0x00000007abb00000)
  from space 2560K, 99% used [0x00000007abb00000,0x00000007abd7ebb8,0x00000007abd80000)
  to   space 2560K, 0% used [0x00000007acd80000,0x00000007acd80000,0x00000007ad000000)
 ParOldGen       total 44032K, used 10849K [0x0000000780000000, 0x0000000782b00000, 0x00000007aab00000)
  object space 44032K, 24% used [0x0000000780000000,0x0000000780a98438,0x0000000782b00000)
 Metaspace       used 20824K, capacity 21072K, committed 21248K, reserved 1067008K
  class space    used 2684K, capacity 2786K, committed 2816K, reserved 1048576K
}
Event: 23.616 GC heap before
{Heap before GC invocations=4 (full 1):
 PSYoungGen      total 18944K, used 2554K [0x00000007aab00000, 0x00000007ad000000, 0x00000007c0000000)
  eden space 16384K, 0% used [0x00000007aab00000,0x00000007aab00000,0x00000007abb00000)
  from space 2560K, 99% used [0x00000007abb00000,0x00000007abd7ebb8,0x00000007abd80000)
  to   space 2560K, 0% used [0x00000007acd80000,0x00000007acd80000,0x00000007ad000000)
 ParOldGen       total 44032K, used 10849K [0x0000000780000000, 0x0000000782b00000, 0x00000007aab00000)
  object space 44032K, 24% used [0x0000000780000000,0x0000000780a98438,0x0000000782b00000)
 Metaspace       used 20824K, capacity 21072K, committed 21248K, reserved 1067008K
  class space    used 2684K, capacity 2786K, committed 2816K, reserved 1048576K
Event: 23.655 GC heap after
Heap after GC invocations=4 (full 1):
 PSYoungGen      total 18944K, used 0K [0x00000007aab00000, 0x00000007ad000000, 0x00000007c0000000)
  eden space 16384K, 0% used [0x00000007aab00000,0x00000007aab00000,0x00000007abb00000)
  from space 2560K, 0% used [0x00000007abb00000,0x00000007abb00000,0x00000007abd80000)
  to   space 2560K, 0% used [0x00000007acd80000,0x00000007acd80000,0x00000007ad000000)
 ParOldGen       total 37376K, used 11020K [0x0000000780000000, 0x0000000782480000, 0x00000007aab00000)
  object space 37376K, 29% used [0x0000000780000000,0x0000000780ac33b8,0x0000000782480000)
 Metaspace       used 20824K, capacity 21072K, committed 21248K, reserved 1067008K
  class space    used 2684K, capacity 2786K, committed 2816K, reserved 1048576K
}

