# JRE version: Java(TM) SE Runtime Environment (8.0_111-b14) (build 1.8.0_111-b14)
# Java VM: Java HotSpot(TM) 64-Bit Server VM (25.111-b14 mixed mode bsd-amd64 compressed oops)
Heap:
 PSYoungGen      total 35328K, used 15736K [0x00000007aab00000, 0x00000007ad000000, 0x00000007c0000000)
  eden space 32768K, 40% used [0x00000007aab00000,0x00000007ab7df420,0x00000007acb00000)
  from space 2560K, 99% used [0x00000007acd80000,0x00000007acffee50,0x00000007ad000000)
  to   space 2560K, 0% used [0x00000007acb00000,0x00000007acb00000,0x00000007acd80000)
 ParOldGen       total 33792K, used 12887K [0x0000000780000000, 0x0000000782100000, 0x00000007aab00000)
  object space 33792K, 38% used [0x0000000780000000,0x0000000780c95cc0,0x0000000782100000)
 Metaspace       used 22601K, capacity 22926K, committed 23168K, reserved 1069056K
  class space    used 2809K, capacity 2927K, committed 2944K, reserved 1048576K
GC Heap History (10 events):
Event: 169.047 GC heap before
{Heap before GC invocations=1 (full 0):
 PSYoungGen      total 18944K, used 16384K [0x00000007aab00000, 0x00000007ac000000, 0x00000007c0000000)
  eden space 16384K, 100% used [0x00000007aab00000,0x00000007abb00000,0x00000007abb00000)
  from space 2560K, 0% used [0x00000007abd80000,0x00000007abd80000,0x00000007ac000000)
  to   space 2560K, 0% used [0x00000007abb00000,0x00000007abb00000,0x00000007abd80000)
 ParOldGen       total 44032K, used 0K [0x0000000780000000, 0x0000000782b00000, 0x00000007aab00000)
  object space 44032K, 0% used [0x0000000780000000,0x0000000780000000,0x0000000782b00000)
 Metaspace       used 15019K, capacity 15306K, committed 15744K, reserved 1062912K
  class space    used 2019K, capacity 2081K, committed 2176K, reserved 1048576K
Event: 169.084 GC heap after
Heap after GC invocations=1 (full 0):
 PSYoungGen      total 18944K, used 2546K [0x00000007aab00000, 0x00000007ac000000, 0x00000007c0000000)
  eden space 16384K, 0% used [0x00000007aab00000,0x00000007aab00000,0x00000007abb00000)
  from space 2560K, 99% used [0x00000007abb00000,0x00000007abd7c868,0x00000007abd80000)
  to   space 2560K, 0% used [0x00000007abd80000,0x00000007abd80000,0x00000007ac000000)
 ParOldGen       total 44032K, used 6097K [0x0000000780000000, 0x0000000782b00000, 0x00000007aab00000)
  object space 44032K, 13% used [0x0000000780000000,0x00000007805f4410,0x0000000782b00000)
 Metaspace       used 15019K, capacity 15306K, committed 15744K, reserved 1062912K
  class space    used 2019K, capacity 2081K, committed 2176K, reserved 1048576K
}
Event: 173.713 GC heap before
{Heap before GC invocations=2 (full 0):
 PSYoungGen      total 18944K, used 18930K [0x00000007aab00000, 0x00000007ac000000, 0x00000007c0000000)
  eden space 16384K, 100% used [0x00000007aab00000,0x00000007abb00000,0x00000007abb00000)
  from space 2560K, 99% used [0x00000007abb00000,0x00000007abd7c868,0x00000007abd80000)
  to   space 2560K, 0% used [0x00000007abd80000,0x00000007abd80000,0x00000007ac000000)
 ParOldGen       total 44032K, used 6097K [0x0000000780000000, 0x0000000782b00000, 0x00000007aab00000)
  object space 44032K, 13% used [0x0000000780000000,0x00000007805f4410,0x0000000782b00000)
 Metaspace       used 19435K, capacity 19690K, committed 20096K, reserved 1067008K
  class space    used 2469K, capacity 2561K, committed 2688K, reserved 1048576K
Event: 173.726 GC heap after
Heap after GC invocations=2 (full 0):
 PSYoungGen      total 18944K, used 2536K [0x00000007aab00000, 0x00000007ac000000, 0x00000007c0000000)
  eden space 16384K, 0% used [0x00000007aab00000,0x00000007aab00000,0x00000007abb00000)
  from space 2560K, 99% used [0x00000007abd80000,0x00000007abffa048,0x00000007ac000000)
  to   space 2560K, 0% used [0x00000007abb00000,0x00000007abb00000,0x00000007abd80000)
 ParOldGen       total 44032K, used 10054K [0x0000000780000000, 0x0000000782b00000, 0x00000007aab00000)
  object space 44032K, 22% used [0x0000000780000000,0x00000007809d1af8,0x0000000782b00000)
 Metaspace       used 19435K, capacity 19690K, committed 20096K, reserved 1067008K
  class space    used 2469K, capacity 2561K, committed 2688K, reserved 1048576K
}
Event: 173.854 GC heap before
{Heap before GC invocations=3 (full 0):
 PSYoungGen      total 18944K, used 7995K [0x00000007aab00000, 0x00000007ac000000, 0x00000007c0000000)
  eden space 16384K, 33% used [0x00000007aab00000,0x00000007ab054f10,0x00000007abb00000)
  from space 2560K, 99% used [0x00000007abd80000,0x00000007abffa048,0x00000007ac000000)
  to   space 2560K, 0% used [0x00000007abb00000,0x00000007abb00000,0x00000007abd80000)
 ParOldGen       total 44032K, used 10054K [0x0000000780000000, 0x0000000782b00000, 0x00000007aab00000)
  object space 44032K, 22% used [0x0000000780000000,0x00000007809d1af8,0x0000000782b00000)
 Metaspace       used 20837K, capacity 21040K, committed 21248K, reserved 1067008K
  class space    used 2672K, capacity 2754K, committed 2816K, reserved 1048576K
Event: 173.864 GC heap after
Heap after GC invocations=3 (full 0):
 PSYoungGen      total 18944K, used 2536K [0x00000007aab00000, 0x00000007ad000000, 0x00000007c0000000)
  eden space 16384K, 0% used [0x00000007aab00000,0x00000007aab00000,0x00000007abb00000)
  from space 2560K, 99% used [0x00000007abb00000,0x00000007abd7a058,0x00000007abd80000)
  to   space 2560K, 0% used [0x00000007acd80000,0x00000007acd80000,0x00000007ad000000)
 ParOldGen       total 44032K, used 11025K [0x0000000780000000, 0x0000000782b00000, 0x00000007aab00000)
  object space 44032K, 25% used [0x0000000780000000,0x0000000780ac45c8,0x0000000782b00000)
 Metaspace       used 20837K, capacity 21040K, committed 21248K, reserved 1067008K
  class space    used 2672K, capacity 2754K, committed 2816K, reserved 1048576K
}
Event: 173.864 GC heap before
{Heap before GC invocations=4 (full 1):
 PSYoungGen      total 18944K, used 2536K [0x00000007aab00000, 0x00000007ad000000, 0x00000007c0000000)
  eden space 16384K, 0% used [0x00000007aab00000,0x00000007aab00000,0x00000007abb00000)
  from space 2560K, 99% used [0x00000007abb00000,0x00000007abd7a058,0x00000007abd80000)
  to   space 2560K, 0% used [0x00000007acd80000,0x00000007acd80000,0x00000007ad000000)
 ParOldGen       total 44032K, used 11025K [0x0000000780000000, 0x0000000782b00000, 0x00000007aab00000)
  object space 44032K, 25% used [0x0000000780000000,0x0000000780ac45c8,0x0000000782b00000)
 Metaspace       used 20837K, capacity 21040K, committed 21248K, reserved 1067008K
  class space    used 2672K, capacity 2754K, committed 2816K, reserved 1048576K
Event: 173.907 GC heap after
Heap after GC invocations=4 (full 1):
 PSYoungGen      total 18944K, used 0K [0x00000007aab00000, 0x00000007ad000000, 0x00000007c0000000)
  eden space 16384K, 0% used [0x00000007aab00000,0x00000007aab00000,0x00000007abb00000)
  from space 2560K, 0% used [0x00000007abb00000,0x00000007abb00000,0x00000007abd80000)
  to   space 2560K, 0% used [0x00000007acd80000,0x00000007acd80000,0x00000007ad000000)
 ParOldGen       total 33792K, used 9440K [0x0000000780000000, 0x0000000782100000, 0x00000007aab00000)
  object space 33792K, 27% used [0x0000000780000000,0x0000000780938260,0x0000000782100000)
 Metaspace       used 20837K, capacity 21040K, committed 21248K, reserved 1067008K
  class space    used 2672K, capacity 2754K, committed 2816K, reserved 1048576K
}
Event: 202.689 GC heap before
{Heap before GC invocations=5 (full 1):
 PSYoungGen      total 18944K, used 16384K [0x00000007aab00000, 0x00000007ad000000, 0x00000007c0000000)
  eden space 16384K, 100% used [0x00000007aab00000,0x00000007abb00000,0x00000007abb00000)
  from space 2560K, 0% used [0x00000007abb00000,0x00000007abb00000,0x00000007abd80000)
  to   space 2560K, 0% used [0x00000007acd80000,0x00000007acd80000,0x00000007ad000000)
 ParOldGen       total 33792K, used 9440K [0x0000000780000000, 0x0000000782100000, 0x00000007aab00000)
  object space 33792K, 27% used [0x0000000780000000,0x0000000780938260,0x0000000782100000)
 Metaspace       used 22233K, capacity 22486K, committed 22912K, reserved 1069056K
  class space    used 2794K, capacity 2887K, committed 2944K, reserved 1048576K
Event: 202.696 GC heap after
Heap after GC invocations=5 (full 1):
 PSYoungGen      total 35328K, used 2555K [0x00000007aab00000, 0x00000007ad000000, 0x00000007c0000000)
  eden space 32768K, 0% used [0x00000007aab00000,0x00000007aab00000,0x00000007acb00000)
  from space 2560K, 99% used [0x00000007acd80000,0x00000007acffee50,0x00000007ad000000)
  to   space 2560K, 0% used [0x00000007acb00000,0x00000007acb00000,0x00000007acd80000)
 ParOldGen       total 33792K, used 12887K [0x0000000780000000, 0x0000000782100000, 0x00000007aab00000)
  object space 33792K, 38% used [0x0000000780000000,0x0000000780c95cc0,0x0000000782100000)
 Metaspace       used 22233K, capacity 22486K, committed 22912K, reserved 1069056K
  class space    used 2794K, capacity 2887K, committed 2944K, reserved 1048576K
}

