# JRE version: Java(TM) SE Runtime Environment (8.0_111-b14) (build 1.8.0_111-b14)
# Java VM: Java HotSpot(TM) 64-Bit Server VM (25.111-b14 mixed mode bsd-amd64 compressed oops)
Heap:
 PSYoungGen      total 33280K, used 15716K [0x00000007aab00000, 0x00000007adc00000, 0x00000007c0000000)
  eden space 16384K, 63% used [0x00000007aab00000,0x00000007ab5325f0,0x00000007abb00000)
  from space 16896K, 31% used [0x00000007abb00000,0x00000007ac026db0,0x00000007acb80000)
  to   space 16896K, 0% used [0x00000007acb80000,0x00000007acb80000,0x00000007adc00000)
 ParOldGen       total 41472K, used 15941K [0x0000000780000000, 0x0000000782880000, 0x00000007aab00000)
  object space 41472K, 38% used [0x0000000780000000,0x0000000780f917f8,0x0000000782880000)
 Metaspace       used 22939K, capacity 23266K, committed 23424K, reserved 1069056K
  class space    used 2818K, capacity 2929K, committed 2944K, reserved 1048576K
GC Heap History (10 events):
Event: 58.697 GC heap before
{Heap before GC invocations=6 (full 1):
 PSYoungGen      total 18944K, used 16384K [0x00000007aab00000, 0x00000007ac000000, 0x00000007c0000000)
  eden space 16384K, 100% used [0x00000007aab00000,0x00000007abb00000,0x00000007abb00000)
  from space 2560K, 0% used [0x00000007abd80000,0x00000007abd80000,0x00000007ac000000)
  to   space 2560K, 0% used [0x00000007abb00000,0x00000007abb00000,0x00000007abd80000)
 ParOldGen       total 41472K, used 12392K [0x0000000780000000, 0x0000000782880000, 0x00000007aab00000)
  object space 41472K, 29% used [0x0000000780000000,0x0000000780c1a348,0x0000000782880000)
 Metaspace       used 22054K, capacity 22282K, committed 22656K, reserved 1069056K
  class space    used 2768K, capacity 2861K, committed 2944K, reserved 1048576K
Event: 58.703 GC heap after
Heap after GC invocations=6 (full 1):
 PSYoungGen      total 18944K, used 2546K [0x00000007aab00000, 0x00000007ad900000, 0x00000007c0000000)
  eden space 16384K, 0% used [0x00000007aab00000,0x00000007aab00000,0x00000007abb00000)
  from space 2560K, 99% used [0x00000007abb00000,0x00000007abd7cad8,0x00000007abd80000)
  to   space 15360K, 0% used [0x00000007aca00000,0x00000007aca00000,0x00000007ad900000)
 ParOldGen       total 41472K, used 13660K [0x0000000780000000, 0x0000000782880000, 0x00000007aab00000)
  object space 41472K, 32% used [0x0000000780000000,0x0000000780d57358,0x0000000782880000)
 Metaspace       used 22054K, capacity 22282K, committed 22656K, reserved 1069056K
  class space    used 2768K, capacity 2861K, committed 2944K, reserved 1048576K
}
Event: 93.312 GC heap before
{Heap before GC invocations=7 (full 1):
 PSYoungGen      total 18944K, used 16924K [0x00000007aab00000, 0x00000007ad900000, 0x00000007c0000000)
  eden space 16384K, 87% used [0x00000007aab00000,0x00000007ab90a758,0x00000007abb00000)
  from space 2560K, 99% used [0x00000007abb00000,0x00000007abd7cad8,0x00000007abd80000)
  to   space 15360K, 0% used [0x00000007aca00000,0x00000007aca00000,0x00000007ad900000)
 ParOldGen       total 41472K, used 13660K [0x0000000780000000, 0x0000000782880000, 0x00000007aab00000)
  object space 41472K, 32% used [0x0000000780000000,0x0000000780d57358,0x0000000782880000)
 Metaspace       used 22489K, capacity 22730K, committed 22912K, reserved 1069056K
  class space    used 2796K, capacity 2861K, committed 2944K, reserved 1048576K
Event: 93.323 GC heap after
Heap after GC invocations=7 (full 1):
 PSYoungGen      total 30720K, used 9306K [0x00000007aab00000, 0x00000007ad800000, 0x00000007c0000000)
  eden space 16384K, 0% used [0x00000007aab00000,0x00000007aab00000,0x00000007abb00000)
  from space 14336K, 64% used [0x00000007aca00000,0x00000007ad316a00,0x00000007ad800000)
  to   space 14848K, 0% used [0x00000007abb00000,0x00000007abb00000,0x00000007ac980000)
 ParOldGen       total 41472K, used 13668K [0x0000000780000000, 0x0000000782880000, 0x00000007aab00000)
  object space 41472K, 32% used [0x0000000780000000,0x0000000780d59358,0x0000000782880000)
 Metaspace       used 22489K, capacity 22730K, committed 22912K, reserved 1069056K
  class space    used 2796K, capacity 2861K, committed 2944K, reserved 1048576K
}
Event: 112.254 GC heap before
{Heap before GC invocations=8 (full 1):
 PSYoungGen      total 30720K, used 25690K [0x00000007aab00000, 0x00000007ad800000, 0x00000007c0000000)
  eden space 16384K, 100% used [0x00000007aab00000,0x00000007abb00000,0x00000007abb00000)
  from space 14336K, 64% used [0x00000007aca00000,0x00000007ad316a00,0x00000007ad800000)
  to   space 14848K, 0% used [0x00000007abb00000,0x00000007abb00000,0x00000007ac980000)
 ParOldGen       total 41472K, used 13668K [0x0000000780000000, 0x0000000782880000, 0x00000007aab00000)
  object space 41472K, 32% used [0x0000000780000000,0x0000000780d59358,0x0000000782880000)
 Metaspace       used 22574K, capacity 22838K, committed 23168K, reserved 1069056K
  class space    used 2799K, capacity 2895K, committed 2944K, reserved 1048576K
Event: 112.263 GC heap after
Heap after GC invocations=8 (full 1):
 PSYoungGen      total 31232K, used 14495K [0x00000007aab00000, 0x00000007add00000, 0x00000007c0000000)
  eden space 16384K, 0% used [0x00000007aab00000,0x00000007aab00000,0x00000007abb00000)
  from space 14848K, 97% used [0x00000007abb00000,0x00000007ac927de0,0x00000007ac980000)
  to   space 17408K, 0% used [0x00000007acc00000,0x00000007acc00000,0x00000007add00000)
 ParOldGen       total 41472K, used 13668K [0x0000000780000000, 0x0000000782880000, 0x00000007aab00000)
  object space 41472K, 32% used [0x0000000780000000,0x0000000780d59358,0x0000000782880000)
 Metaspace       used 22574K, capacity 22838K, committed 23168K, reserved 1069056K
  class space    used 2799K, capacity 2895K, committed 2944K, reserved 1048576K
}
Event: 138.539 GC heap before
{Heap before GC invocations=9 (full 1):
 PSYoungGen      total 31232K, used 30879K [0x00000007aab00000, 0x00000007add00000, 0x00000007c0000000)
  eden space 16384K, 100% used [0x00000007aab00000,0x00000007abb00000,0x00000007abb00000)
  from space 14848K, 97% used [0x00000007abb00000,0x00000007ac927de0,0x00000007ac980000)
  to   space 17408K, 0% used [0x00000007acc00000,0x00000007acc00000,0x00000007add00000)
 ParOldGen       total 41472K, used 13668K [0x0000000780000000, 0x0000000782880000, 0x00000007aab00000)
  object space 41472K, 32% used [0x0000000780000000,0x0000000780d59358,0x0000000782880000)
 Metaspace       used 22688K, capacity 22978K, committed 23168K, reserved 1069056K
  class space    used 2807K, capacity 2897K, committed 2944K, reserved 1048576K
Event: 138.547 GC heap after
Heap after GC invocations=9 (full 1):
 PSYoungGen      total 32768K, used 10697K [0x00000007aab00000, 0x00000007adc00000, 0x00000007c0000000)
  eden space 16384K, 0% used [0x00000007aab00000,0x00000007aab00000,0x00000007abb00000)
  from space 16384K, 65% used [0x00000007acc00000,0x00000007ad6724e0,0x00000007adc00000)
  to   space 16896K, 0% used [0x00000007abb00000,0x00000007abb00000,0x00000007acb80000)
 ParOldGen       total 41472K, used 13668K [0x0000000780000000, 0x0000000782880000, 0x00000007aab00000)
  object space 41472K, 32% used [0x0000000780000000,0x0000000780d59358,0x0000000782880000)
 Metaspace       used 22688K, capacity 22978K, committed 23168K, reserved 1069056K
  class space    used 2807K, capacity 2897K, committed 2944K, reserved 1048576K
}
Event: 167.950 GC heap before
{Heap before GC invocations=10 (full 1):
 PSYoungGen      total 32768K, used 27081K [0x00000007aab00000, 0x00000007adc00000, 0x00000007c0000000)
  eden space 16384K, 100% used [0x00000007aab00000,0x00000007abb00000,0x00000007abb00000)
  from space 16384K, 65% used [0x00000007acc00000,0x00000007ad6724e0,0x00000007adc00000)
  to   space 16896K, 0% used [0x00000007abb00000,0x00000007abb00000,0x00000007acb80000)
 ParOldGen       total 41472K, used 13668K [0x0000000780000000, 0x0000000782880000, 0x00000007aab00000)
  object space 41472K, 32% used [0x0000000780000000,0x0000000780d59358,0x0000000782880000)
 Metaspace       used 22873K, capacity 23202K, committed 23424K, reserved 1069056K
  class space    used 2813K, capacity 2929K, committed 2944K, reserved 1048576K
Event: 167.957 GC heap after
Heap after GC invocations=10 (full 1):
 PSYoungGen      total 33280K, used 5275K [0x00000007aab00000, 0x00000007adc00000, 0x00000007c0000000)
  eden space 16384K, 0% used [0x00000007aab00000,0x00000007aab00000,0x00000007abb00000)
  from space 16896K, 31% used [0x00000007abb00000,0x00000007ac026db0,0x00000007acb80000)
  to   space 16896K, 0% used [0x00000007acb80000,0x00000007acb80000,0x00000007adc00000)
 ParOldGen       total 41472K, used 15941K [0x0000000780000000, 0x0000000782880000, 0x00000007aab00000)
  object space 41472K, 38% used [0x0000000780000000,0x0000000780f917f8,0x0000000782880000)
 Metaspace       used 22873K, capacity 23202K, committed 23424K, reserved 1069056K
  class space    used 2813K, capacity 2929K, committed 2944K, reserved 1048576K
}

